<?xml version="1.0" encoding="UTF-8"?>
<testsuites name="TestSuite01" time="42" tests="7" failures="0" errors="0">
   <testsuite name="TestSuite01" tests="7" failures="0" errors="0" time="42" timestamp="2018-08-02 14:50:38" hostname="ngocv - 192.168.1.37" id="Test Suites/TestSuite01">
      <properties>
         <property name="deviceName" value=""/>
         <property name="devicePlatform" value=""/>
         <property name="logFolder" value="D:\\KatalonDMSONE\\DMSONE\\Reports\\TestSuite01\\20180802_145037"/>
         <property name="logFiles" value="D:\\KatalonDMSONE\\DMSONE\\Reports\\TestSuite01\\20180802_145037\\execution0.log"/>
         <property name="attachments" value=""/>
         <property name="hostName" value="ngocv - 192.168.1.37"/>
         <property name="os" value="Windows 10 64bit"/>
         <property name="katalonVersion" value="5.5.0.1"/>
         <property name="browser" value="Chrome 67.0.3396.99"/>
         <property name="hostAddress" value="192.168.1.37"/>
         <property name="sessionId" value="0e4b27d2edf96f19175bf182f271be2b"/>
         <property name="seleniumVersion" value="3.7.1"/>
         <property name="proxyInformation" value="ProxyInformation{proxyOption=NO_PROXY, proxyServerType=HTTP, password=, proxyServerAddress=, proxyServerPort=0}"/>
         <property name="platform" value="Windows 10"/>
      </properties>
      <testcase name="Test Cases/TC_Login" classname="Test Cases/TC_Login" status="PASSED">
         <system-out><![CDATA[2018-08-02 14:50:39 - [TEST_CASE][PASSED] - Test Cases/TC_Login: Test Cases/TC_Login

2018-08-02 14:50:39 - [TEST_STEP][PASSED] - openBrowser: Browser is opened with url: ''

2018-08-02 14:50:42 - [MESSAGE][PASSED] - Browser is opened with url: ''

2018-08-02 14:50:42 - [TEST_STEP][PASSED] - navigateToUrl: Navigate to 'http://localhost:8681/login' successfully

2018-08-02 14:50:43 - [MESSAGE][PASSED] - Navigate to 'http://localhost:8681/login' successfully

2018-08-02 14:50:43 - [TEST_STEP][PASSED] - setText: Text 'dfsd' is set on object 'Object Repository/Page_DMS ONE/input_username'

2018-08-02 14:50:43 - [MESSAGE][PASSED] - Text 'dfsd' is set on object 'Object Repository/Page_DMS ONE/input_username'

2018-08-02 14:50:43 - [TEST_STEP][PASSED] - setEncryptedText: Text ****** has been set on object 'Object Repository/Page_DMS ONE/input_password'

2018-08-02 14:50:44 - [MESSAGE][PASSED] - Text ****** has been set on object 'Object Repository/Page_DMS ONE/input_password'

2018-08-02 14:50:44 - [TEST_STEP][PASSED] - click: Object: 'Object Repository/Page_DMS ONE/input_submit' is clicked on

2018-08-02 14:50:44 - [MESSAGE][PASSED] - Object: 'Object Repository/Page_DMS ONE/input_submit' is clicked on

2018-08-02 14:50:44 - [TEST_STEP][PASSED] - click: Object: 'Object Repository/Page_DMS ONE/div_Username or password incor' is clicked on

2018-08-02 14:50:44 - [MESSAGE][PASSED] - Object: 'Object Repository/Page_DMS ONE/div_Username or password incor' is clicked on]]></system-out>
         <system-err><![CDATA[]]></system-err>
      </testcase>
      <testcase name="Test Cases/TC_Login" classname="Test Cases/TC_Login" status="PASSED">
         <system-out><![CDATA[2018-08-02 14:50:44 - [TEST_CASE][PASSED] - Test Cases/TC_Login: Test Cases/TC_Login

2018-08-02 14:50:44 - [TEST_STEP][PASSED] - openBrowser: Browser is opened with url: ''

2018-08-02 14:50:44 - [MESSAGE][WARNING] - A browser is already opened. Closing browser and opening a new one

2018-08-02 14:50:47 - [MESSAGE][PASSED] - Browser is opened with url: ''

2018-08-02 14:50:47 - [TEST_STEP][PASSED] - navigateToUrl: Navigate to 'http://localhost:8681/login' successfully

2018-08-02 14:50:49 - [MESSAGE][PASSED] - Navigate to 'http://localhost:8681/login' successfully

2018-08-02 14:50:49 - [TEST_STEP][PASSED] - setText: Text 'dfsd' is set on object 'Object Repository/Page_DMS ONE/input_username'

2018-08-02 14:50:49 - [MESSAGE][PASSED] - Text 'dfsd' is set on object 'Object Repository/Page_DMS ONE/input_username'

2018-08-02 14:50:49 - [TEST_STEP][PASSED] - setEncryptedText: Text ****** has been set on object 'Object Repository/Page_DMS ONE/input_password'

2018-08-02 14:50:49 - [MESSAGE][PASSED] - Text ****** has been set on object 'Object Repository/Page_DMS ONE/input_password'

2018-08-02 14:50:49 - [TEST_STEP][PASSED] - click: Object: 'Object Repository/Page_DMS ONE/input_submit' is clicked on

2018-08-02 14:50:50 - [MESSAGE][PASSED] - Object: 'Object Repository/Page_DMS ONE/input_submit' is clicked on

2018-08-02 14:50:50 - [TEST_STEP][PASSED] - click: Object: 'Object Repository/Page_DMS ONE/div_Username or password incor' is clicked on

2018-08-02 14:50:50 - [MESSAGE][PASSED] - Object: 'Object Repository/Page_DMS ONE/div_Username or password incor' is clicked on]]></system-out>
         <system-err><![CDATA[]]></system-err>
      </testcase>
      <testcase name="Test Cases/TC_Login" classname="Test Cases/TC_Login" status="PASSED">
         <system-out><![CDATA[2018-08-02 14:50:50 - [TEST_CASE][PASSED] - Test Cases/TC_Login: Test Cases/TC_Login

2018-08-02 14:50:50 - [TEST_STEP][PASSED] - openBrowser: Browser is opened with url: ''

2018-08-02 14:50:50 - [MESSAGE][WARNING] - A browser is already opened. Closing browser and opening a new one

2018-08-02 14:50:54 - [MESSAGE][PASSED] - Browser is opened with url: ''

2018-08-02 14:50:54 - [TEST_STEP][PASSED] - navigateToUrl: Navigate to 'http://localhost:8681/login' successfully

2018-08-02 14:50:55 - [MESSAGE][PASSED] - Navigate to 'http://localhost:8681/login' successfully

2018-08-02 14:50:55 - [TEST_STEP][PASSED] - setText: Text 'dfsd' is set on object 'Object Repository/Page_DMS ONE/input_username'

2018-08-02 14:50:55 - [MESSAGE][PASSED] - Text 'dfsd' is set on object 'Object Repository/Page_DMS ONE/input_username'

2018-08-02 14:50:55 - [TEST_STEP][PASSED] - setEncryptedText: Text ****** has been set on object 'Object Repository/Page_DMS ONE/input_password'

2018-08-02 14:50:55 - [MESSAGE][PASSED] - Text ****** has been set on object 'Object Repository/Page_DMS ONE/input_password'

2018-08-02 14:50:55 - [TEST_STEP][PASSED] - click: Object: 'Object Repository/Page_DMS ONE/input_submit' is clicked on

2018-08-02 14:50:55 - [MESSAGE][PASSED] - Object: 'Object Repository/Page_DMS ONE/input_submit' is clicked on

2018-08-02 14:50:55 - [TEST_STEP][PASSED] - click: Object: 'Object Repository/Page_DMS ONE/div_Username or password incor' is clicked on

2018-08-02 14:50:55 - [MESSAGE][PASSED] - Object: 'Object Repository/Page_DMS ONE/div_Username or password incor' is clicked on]]></system-out>
         <system-err><![CDATA[]]></system-err>
      </testcase>
      <testcase name="Test Cases/TC_Login" classname="Test Cases/TC_Login" status="PASSED">
         <system-out><![CDATA[2018-08-02 14:50:55 - [TEST_CASE][PASSED] - Test Cases/TC_Login: Test Cases/TC_Login

2018-08-02 14:50:55 - [TEST_STEP][PASSED] - openBrowser: Browser is opened with url: ''

2018-08-02 14:50:55 - [MESSAGE][WARNING] - A browser is already opened. Closing browser and opening a new one

2018-08-02 14:50:59 - [MESSAGE][PASSED] - Browser is opened with url: ''

2018-08-02 14:50:59 - [TEST_STEP][PASSED] - navigateToUrl: Navigate to 'http://localhost:8681/login' successfully

2018-08-02 14:51:02 - [MESSAGE][PASSED] - Navigate to 'http://localhost:8681/login' successfully

2018-08-02 14:51:02 - [TEST_STEP][PASSED] - setText: Text 'dfsd' is set on object 'Object Repository/Page_DMS ONE/input_username'

2018-08-02 14:51:02 - [MESSAGE][PASSED] - Text 'dfsd' is set on object 'Object Repository/Page_DMS ONE/input_username'

2018-08-02 14:51:02 - [TEST_STEP][PASSED] - setEncryptedText: Text ****** has been set on object 'Object Repository/Page_DMS ONE/input_password'

2018-08-02 14:51:02 - [MESSAGE][PASSED] - Text ****** has been set on object 'Object Repository/Page_DMS ONE/input_password'

2018-08-02 14:51:02 - [TEST_STEP][PASSED] - click: Object: 'Object Repository/Page_DMS ONE/input_submit' is clicked on

2018-08-02 14:51:02 - [MESSAGE][PASSED] - Object: 'Object Repository/Page_DMS ONE/input_submit' is clicked on

2018-08-02 14:51:02 - [TEST_STEP][PASSED] - click: Object: 'Object Repository/Page_DMS ONE/div_Username or password incor' is clicked on

2018-08-02 14:51:02 - [MESSAGE][PASSED] - Object: 'Object Repository/Page_DMS ONE/div_Username or password incor' is clicked on]]></system-out>
         <system-err><![CDATA[]]></system-err>
      </testcase>
      <testcase name="Test Cases/TC_Login" classname="Test Cases/TC_Login" status="PASSED">
         <system-out><![CDATA[2018-08-02 14:51:02 - [TEST_CASE][PASSED] - Test Cases/TC_Login: Test Cases/TC_Login

2018-08-02 14:51:02 - [TEST_STEP][PASSED] - openBrowser: Browser is opened with url: ''

2018-08-02 14:51:02 - [MESSAGE][WARNING] - A browser is already opened. Closing browser and opening a new one

2018-08-02 14:51:06 - [MESSAGE][PASSED] - Browser is opened with url: ''

2018-08-02 14:51:06 - [TEST_STEP][PASSED] - navigateToUrl: Navigate to 'http://localhost:8681/login' successfully

2018-08-02 14:51:09 - [MESSAGE][PASSED] - Navigate to 'http://localhost:8681/login' successfully

2018-08-02 14:51:09 - [TEST_STEP][PASSED] - setText: Text 'dfsd' is set on object 'Object Repository/Page_DMS ONE/input_username'

2018-08-02 14:51:09 - [MESSAGE][PASSED] - Text 'dfsd' is set on object 'Object Repository/Page_DMS ONE/input_username'

2018-08-02 14:51:09 - [TEST_STEP][PASSED] - setEncryptedText: Text ****** has been set on object 'Object Repository/Page_DMS ONE/input_password'

2018-08-02 14:51:09 - [MESSAGE][PASSED] - Text ****** has been set on object 'Object Repository/Page_DMS ONE/input_password'

2018-08-02 14:51:09 - [TEST_STEP][PASSED] - click: Object: 'Object Repository/Page_DMS ONE/input_submit' is clicked on

2018-08-02 14:51:09 - [MESSAGE][PASSED] - Object: 'Object Repository/Page_DMS ONE/input_submit' is clicked on

2018-08-02 14:51:09 - [TEST_STEP][PASSED] - click: Object: 'Object Repository/Page_DMS ONE/div_Username or password incor' is clicked on

2018-08-02 14:51:09 - [MESSAGE][PASSED] - Object: 'Object Repository/Page_DMS ONE/div_Username or password incor' is clicked on]]></system-out>
         <system-err><![CDATA[]]></system-err>
      </testcase>
      <testcase name="Test Cases/TC_Login" classname="Test Cases/TC_Login" status="PASSED">
         <system-out><![CDATA[2018-08-02 14:51:09 - [TEST_CASE][PASSED] - Test Cases/TC_Login: Test Cases/TC_Login

2018-08-02 14:51:09 - [TEST_STEP][PASSED] - openBrowser: Browser is opened with url: ''

2018-08-02 14:51:09 - [MESSAGE][WARNING] - A browser is already opened. Closing browser and opening a new one

2018-08-02 14:51:14 - [MESSAGE][PASSED] - Browser is opened with url: ''

2018-08-02 14:51:14 - [TEST_STEP][PASSED] - navigateToUrl: Navigate to 'http://localhost:8681/login' successfully

2018-08-02 14:51:16 - [MESSAGE][PASSED] - Navigate to 'http://localhost:8681/login' successfully

2018-08-02 14:51:16 - [TEST_STEP][PASSED] - setText: Text 'dfsd' is set on object 'Object Repository/Page_DMS ONE/input_username'

2018-08-02 14:51:16 - [MESSAGE][PASSED] - Text 'dfsd' is set on object 'Object Repository/Page_DMS ONE/input_username'

2018-08-02 14:51:16 - [TEST_STEP][PASSED] - setEncryptedText: Text ****** has been set on object 'Object Repository/Page_DMS ONE/input_password'

2018-08-02 14:51:16 - [MESSAGE][PASSED] - Text ****** has been set on object 'Object Repository/Page_DMS ONE/input_password'

2018-08-02 14:51:16 - [TEST_STEP][PASSED] - click: Object: 'Object Repository/Page_DMS ONE/input_submit' is clicked on

2018-08-02 14:51:16 - [MESSAGE][PASSED] - Object: 'Object Repository/Page_DMS ONE/input_submit' is clicked on

2018-08-02 14:51:16 - [TEST_STEP][PASSED] - click: Object: 'Object Repository/Page_DMS ONE/div_Username or password incor' is clicked on

2018-08-02 14:51:16 - [MESSAGE][PASSED] - Object: 'Object Repository/Page_DMS ONE/div_Username or password incor' is clicked on]]></system-out>
         <system-err><![CDATA[]]></system-err>
      </testcase>
      <testcase name="Test Cases/TC_Login" classname="Test Cases/TC_Login" status="PASSED">
         <system-out><![CDATA[2018-08-02 14:51:16 - [TEST_CASE][PASSED] - Test Cases/TC_Login: Test Cases/TC_Login

2018-08-02 14:51:16 - [TEST_STEP][PASSED] - openBrowser: Browser is opened with url: ''

2018-08-02 14:51:16 - [MESSAGE][WARNING] - A browser is already opened. Closing browser and opening a new one

2018-08-02 14:51:19 - [MESSAGE][PASSED] - Browser is opened with url: ''

2018-08-02 14:51:19 - [TEST_STEP][PASSED] - navigateToUrl: Navigate to 'http://localhost:8681/login' successfully

2018-08-02 14:51:20 - [MESSAGE][PASSED] - Navigate to 'http://localhost:8681/login' successfully

2018-08-02 14:51:20 - [TEST_STEP][PASSED] - setText: Text 'dfsd' is set on object 'Object Repository/Page_DMS ONE/input_username'

2018-08-02 14:51:20 - [MESSAGE][PASSED] - Text 'dfsd' is set on object 'Object Repository/Page_DMS ONE/input_username'

2018-08-02 14:51:20 - [TEST_STEP][PASSED] - setEncryptedText: Text ****** has been set on object 'Object Repository/Page_DMS ONE/input_password'

2018-08-02 14:51:20 - [MESSAGE][PASSED] - Text ****** has been set on object 'Object Repository/Page_DMS ONE/input_password'

2018-08-02 14:51:20 - [TEST_STEP][PASSED] - click: Object: 'Object Repository/Page_DMS ONE/input_submit' is clicked on

2018-08-02 14:51:20 - [MESSAGE][PASSED] - Object: 'Object Repository/Page_DMS ONE/input_submit' is clicked on

2018-08-02 14:51:20 - [TEST_STEP][PASSED] - click: Object: 'Object Repository/Page_DMS ONE/div_Username or password incor' is clicked on

2018-08-02 14:51:21 - [MESSAGE][PASSED] - Object: 'Object Repository/Page_DMS ONE/div_Username or password incor' is clicked on]]></system-out>
         <system-err><![CDATA[]]></system-err>
      </testcase>
      <system-out><![CDATA[2018-08-02 14:50:38 - [TEST_SUITE][PASSED] - TestSuite01: Test Cases/TC_Login]]></system-out>
      <system-err><![CDATA[]]></system-err>
   </testsuite>
</testsuites>
