<?xml version="1.0" encoding="UTF-8"?>
<testsuites name="TestSuite01" time="28" tests="7" failures="0" errors="0">
   <testsuite name="TestSuite01" tests="7" failures="0" errors="0" time="28" timestamp="2018-08-02 14:55:24" hostname="ngocv - 192.168.1.37" id="Test Suites/TestSuite01">
      <properties>
         <property name="deviceName" value=""/>
         <property name="devicePlatform" value=""/>
         <property name="logFolder" value="D:\\KatalonDMSONE\\DMSONE\\Reports\\TestSuite01\\20180802_145523"/>
         <property name="logFiles" value="D:\\KatalonDMSONE\\DMSONE\\Reports\\TestSuite01\\20180802_145523\\execution0.log"/>
         <property name="attachments" value=""/>
         <property name="hostName" value="ngocv - 192.168.1.37"/>
         <property name="os" value="Windows 10 64bit"/>
         <property name="katalonVersion" value="5.5.0.1"/>
         <property name="browser" value="Chrome 67.0.3396.99"/>
         <property name="hostAddress" value="192.168.1.37"/>
         <property name="sessionId" value="aaefe8f68f6bdc2b7043b7a8568edf0e"/>
         <property name="seleniumVersion" value="3.7.1"/>
         <property name="proxyInformation" value="ProxyInformation{proxyOption=NO_PROXY, proxyServerType=HTTP, password=, proxyServerAddress=, proxyServerPort=0}"/>
         <property name="platform" value="Windows 10"/>
      </properties>
      <testcase name="Test Cases/TC_Login" classname="Test Cases/TC_Login" status="PASSED">
         <system-out><![CDATA[2018-08-02 14:55:25 - [TEST_CASE][PASSED] - Test Cases/TC_Login: Test Cases/TC_Login

2018-08-02 14:55:25 - [TEST_STEP][PASSED] - openBrowser: Browser is opened with url: ''

2018-08-02 14:55:28 - [MESSAGE][PASSED] - Browser is opened with url: ''

2018-08-02 14:55:28 - [TEST_STEP][PASSED] - navigateToUrl: Navigate to 'http://localhost:8681/login' successfully

2018-08-02 14:55:29 - [MESSAGE][PASSED] - Navigate to 'http://localhost:8681/login' successfully

2018-08-02 14:55:29 - [TEST_STEP][PASSED] - setText: Text 'dfsd' is set on object 'Object Repository/Page_DMS ONE/input_username'

2018-08-02 14:55:29 - [MESSAGE][PASSED] - Text 'dfsd' is set on object 'Object Repository/Page_DMS ONE/input_username'

2018-08-02 14:55:29 - [TEST_STEP][PASSED] - setEncryptedText: Text ****** has been set on object 'Object Repository/Page_DMS ONE/input_password'

2018-08-02 14:55:29 - [MESSAGE][PASSED] - Text ****** has been set on object 'Object Repository/Page_DMS ONE/input_password'

2018-08-02 14:55:29 - [TEST_STEP][PASSED] - click: Object: 'Object Repository/Page_DMS ONE/input_submit' is clicked on

2018-08-02 14:55:29 - [MESSAGE][PASSED] - Object: 'Object Repository/Page_DMS ONE/input_submit' is clicked on

2018-08-02 14:55:29 - [TEST_STEP][PASSED] - click: Object: 'Object Repository/Page_DMS ONE/div_Username or password incor' is clicked on

2018-08-02 14:55:29 - [MESSAGE][PASSED] - Object: 'Object Repository/Page_DMS ONE/div_Username or password incor' is clicked on]]></system-out>
         <system-err><![CDATA[]]></system-err>
      </testcase>
      <testcase name="Test Cases/TC_Login" classname="Test Cases/TC_Login" status="PASSED">
         <system-out><![CDATA[2018-08-02 14:55:29 - [TEST_CASE][PASSED] - Test Cases/TC_Login: Test Cases/TC_Login

2018-08-02 14:55:29 - [TEST_STEP][PASSED] - openBrowser: Browser is opened with url: ''

2018-08-02 14:55:29 - [MESSAGE][WARNING] - A browser is already opened. Closing browser and opening a new one

2018-08-02 14:55:32 - [MESSAGE][PASSED] - Browser is opened with url: ''

2018-08-02 14:55:32 - [TEST_STEP][PASSED] - navigateToUrl: Navigate to 'http://localhost:8681/login' successfully

2018-08-02 14:55:33 - [MESSAGE][PASSED] - Navigate to 'http://localhost:8681/login' successfully

2018-08-02 14:55:33 - [TEST_STEP][PASSED] - setText: Text 'dfsd' is set on object 'Object Repository/Page_DMS ONE/input_username'

2018-08-02 14:55:33 - [MESSAGE][PASSED] - Text 'dfsd' is set on object 'Object Repository/Page_DMS ONE/input_username'

2018-08-02 14:55:33 - [TEST_STEP][PASSED] - setEncryptedText: Text ****** has been set on object 'Object Repository/Page_DMS ONE/input_password'

2018-08-02 14:55:33 - [MESSAGE][PASSED] - Text ****** has been set on object 'Object Repository/Page_DMS ONE/input_password'

2018-08-02 14:55:33 - [TEST_STEP][PASSED] - click: Object: 'Object Repository/Page_DMS ONE/input_submit' is clicked on

2018-08-02 14:55:33 - [MESSAGE][PASSED] - Object: 'Object Repository/Page_DMS ONE/input_submit' is clicked on

2018-08-02 14:55:33 - [TEST_STEP][PASSED] - click: Object: 'Object Repository/Page_DMS ONE/div_Username or password incor' is clicked on

2018-08-02 14:55:33 - [MESSAGE][PASSED] - Object: 'Object Repository/Page_DMS ONE/div_Username or password incor' is clicked on]]></system-out>
         <system-err><![CDATA[]]></system-err>
      </testcase>
      <testcase name="Test Cases/TC_Login" classname="Test Cases/TC_Login" status="PASSED">
         <system-out><![CDATA[2018-08-02 14:55:33 - [TEST_CASE][PASSED] - Test Cases/TC_Login: Test Cases/TC_Login

2018-08-02 14:55:33 - [TEST_STEP][PASSED] - openBrowser: Browser is opened with url: ''

2018-08-02 14:55:33 - [MESSAGE][WARNING] - A browser is already opened. Closing browser and opening a new one

2018-08-02 14:55:36 - [MESSAGE][PASSED] - Browser is opened with url: ''

2018-08-02 14:55:36 - [TEST_STEP][PASSED] - navigateToUrl: Navigate to 'http://localhost:8681/login' successfully

2018-08-02 14:55:37 - [MESSAGE][PASSED] - Navigate to 'http://localhost:8681/login' successfully

2018-08-02 14:55:37 - [TEST_STEP][PASSED] - setText: Text 'dfsd' is set on object 'Object Repository/Page_DMS ONE/input_username'

2018-08-02 14:55:37 - [MESSAGE][PASSED] - Text 'dfsd' is set on object 'Object Repository/Page_DMS ONE/input_username'

2018-08-02 14:55:37 - [TEST_STEP][PASSED] - setEncryptedText: Text ****** has been set on object 'Object Repository/Page_DMS ONE/input_password'

2018-08-02 14:55:37 - [MESSAGE][PASSED] - Text ****** has been set on object 'Object Repository/Page_DMS ONE/input_password'

2018-08-02 14:55:37 - [TEST_STEP][PASSED] - click: Object: 'Object Repository/Page_DMS ONE/input_submit' is clicked on

2018-08-02 14:55:37 - [MESSAGE][PASSED] - Object: 'Object Repository/Page_DMS ONE/input_submit' is clicked on

2018-08-02 14:55:37 - [TEST_STEP][PASSED] - click: Object: 'Object Repository/Page_DMS ONE/div_Username or password incor' is clicked on

2018-08-02 14:55:37 - [MESSAGE][PASSED] - Object: 'Object Repository/Page_DMS ONE/div_Username or password incor' is clicked on]]></system-out>
         <system-err><![CDATA[]]></system-err>
      </testcase>
      <testcase name="Test Cases/TC_Login" classname="Test Cases/TC_Login" status="PASSED">
         <system-out><![CDATA[2018-08-02 14:55:37 - [TEST_CASE][PASSED] - Test Cases/TC_Login: Test Cases/TC_Login

2018-08-02 14:55:37 - [TEST_STEP][PASSED] - openBrowser: Browser is opened with url: ''

2018-08-02 14:55:37 - [MESSAGE][WARNING] - A browser is already opened. Closing browser and opening a new one

2018-08-02 14:55:40 - [MESSAGE][PASSED] - Browser is opened with url: ''

2018-08-02 14:55:40 - [TEST_STEP][PASSED] - navigateToUrl: Navigate to 'http://localhost:8681/login' successfully

2018-08-02 14:55:40 - [MESSAGE][PASSED] - Navigate to 'http://localhost:8681/login' successfully

2018-08-02 14:55:40 - [TEST_STEP][PASSED] - setText: Text 'dfsd' is set on object 'Object Repository/Page_DMS ONE/input_username'

2018-08-02 14:55:41 - [MESSAGE][PASSED] - Text 'dfsd' is set on object 'Object Repository/Page_DMS ONE/input_username'

2018-08-02 14:55:41 - [TEST_STEP][PASSED] - setEncryptedText: Text ****** has been set on object 'Object Repository/Page_DMS ONE/input_password'

2018-08-02 14:55:41 - [MESSAGE][PASSED] - Text ****** has been set on object 'Object Repository/Page_DMS ONE/input_password'

2018-08-02 14:55:41 - [TEST_STEP][PASSED] - click: Object: 'Object Repository/Page_DMS ONE/input_submit' is clicked on

2018-08-02 14:55:41 - [MESSAGE][PASSED] - Object: 'Object Repository/Page_DMS ONE/input_submit' is clicked on

2018-08-02 14:55:41 - [TEST_STEP][PASSED] - click: Object: 'Object Repository/Page_DMS ONE/div_Username or password incor' is clicked on

2018-08-02 14:55:41 - [MESSAGE][PASSED] - Object: 'Object Repository/Page_DMS ONE/div_Username or password incor' is clicked on]]></system-out>
         <system-err><![CDATA[]]></system-err>
      </testcase>
      <testcase name="Test Cases/TC_Login" classname="Test Cases/TC_Login" status="PASSED">
         <system-out><![CDATA[2018-08-02 14:55:41 - [TEST_CASE][PASSED] - Test Cases/TC_Login: Test Cases/TC_Login

2018-08-02 14:55:41 - [TEST_STEP][PASSED] - openBrowser: Browser is opened with url: ''

2018-08-02 14:55:41 - [MESSAGE][WARNING] - A browser is already opened. Closing browser and opening a new one

2018-08-02 14:55:43 - [MESSAGE][PASSED] - Browser is opened with url: ''

2018-08-02 14:55:43 - [TEST_STEP][PASSED] - navigateToUrl: Navigate to 'http://localhost:8681/login' successfully

2018-08-02 14:55:44 - [MESSAGE][PASSED] - Navigate to 'http://localhost:8681/login' successfully

2018-08-02 14:55:44 - [TEST_STEP][PASSED] - setText: Text 'dfsd' is set on object 'Object Repository/Page_DMS ONE/input_username'

2018-08-02 14:55:44 - [MESSAGE][PASSED] - Text 'dfsd' is set on object 'Object Repository/Page_DMS ONE/input_username'

2018-08-02 14:55:44 - [TEST_STEP][PASSED] - setEncryptedText: Text ****** has been set on object 'Object Repository/Page_DMS ONE/input_password'

2018-08-02 14:55:44 - [MESSAGE][PASSED] - Text ****** has been set on object 'Object Repository/Page_DMS ONE/input_password'

2018-08-02 14:55:44 - [TEST_STEP][PASSED] - click: Object: 'Object Repository/Page_DMS ONE/input_submit' is clicked on

2018-08-02 14:55:45 - [MESSAGE][PASSED] - Object: 'Object Repository/Page_DMS ONE/input_submit' is clicked on

2018-08-02 14:55:45 - [TEST_STEP][PASSED] - click: Object: 'Object Repository/Page_DMS ONE/div_Username or password incor' is clicked on

2018-08-02 14:55:45 - [MESSAGE][PASSED] - Object: 'Object Repository/Page_DMS ONE/div_Username or password incor' is clicked on]]></system-out>
         <system-err><![CDATA[]]></system-err>
      </testcase>
      <testcase name="Test Cases/TC_Login" classname="Test Cases/TC_Login" status="PASSED">
         <system-out><![CDATA[2018-08-02 14:55:45 - [TEST_CASE][PASSED] - Test Cases/TC_Login: Test Cases/TC_Login

2018-08-02 14:55:45 - [TEST_STEP][PASSED] - openBrowser: Browser is opened with url: ''

2018-08-02 14:55:45 - [MESSAGE][WARNING] - A browser is already opened. Closing browser and opening a new one

2018-08-02 14:55:47 - [MESSAGE][PASSED] - Browser is opened with url: ''

2018-08-02 14:55:47 - [TEST_STEP][PASSED] - navigateToUrl: Navigate to 'http://localhost:8681/login' successfully

2018-08-02 14:55:48 - [MESSAGE][PASSED] - Navigate to 'http://localhost:8681/login' successfully

2018-08-02 14:55:48 - [TEST_STEP][PASSED] - setText: Text 'dfsd' is set on object 'Object Repository/Page_DMS ONE/input_username'

2018-08-02 14:55:48 - [MESSAGE][PASSED] - Text 'dfsd' is set on object 'Object Repository/Page_DMS ONE/input_username'

2018-08-02 14:55:48 - [TEST_STEP][PASSED] - setEncryptedText: Text ****** has been set on object 'Object Repository/Page_DMS ONE/input_password'

2018-08-02 14:55:48 - [MESSAGE][PASSED] - Text ****** has been set on object 'Object Repository/Page_DMS ONE/input_password'

2018-08-02 14:55:48 - [TEST_STEP][PASSED] - click: Object: 'Object Repository/Page_DMS ONE/input_submit' is clicked on

2018-08-02 14:55:48 - [MESSAGE][PASSED] - Object: 'Object Repository/Page_DMS ONE/input_submit' is clicked on

2018-08-02 14:55:48 - [TEST_STEP][PASSED] - click: Object: 'Object Repository/Page_DMS ONE/div_Username or password incor' is clicked on

2018-08-02 14:55:48 - [MESSAGE][PASSED] - Object: 'Object Repository/Page_DMS ONE/div_Username or password incor' is clicked on]]></system-out>
         <system-err><![CDATA[]]></system-err>
      </testcase>
      <testcase name="Test Cases/TC_Login" classname="Test Cases/TC_Login" status="PASSED">
         <system-out><![CDATA[2018-08-02 14:55:48 - [TEST_CASE][PASSED] - Test Cases/TC_Login: Test Cases/TC_Login

2018-08-02 14:55:48 - [TEST_STEP][PASSED] - openBrowser: Browser is opened with url: ''

2018-08-02 14:55:48 - [MESSAGE][WARNING] - A browser is already opened. Closing browser and opening a new one

2018-08-02 14:55:51 - [MESSAGE][PASSED] - Browser is opened with url: ''

2018-08-02 14:55:51 - [TEST_STEP][PASSED] - navigateToUrl: Navigate to 'http://localhost:8681/login' successfully

2018-08-02 14:55:52 - [MESSAGE][PASSED] - Navigate to 'http://localhost:8681/login' successfully

2018-08-02 14:55:52 - [TEST_STEP][PASSED] - setText: Text 'dfsd' is set on object 'Object Repository/Page_DMS ONE/input_username'

2018-08-02 14:55:52 - [MESSAGE][PASSED] - Text 'dfsd' is set on object 'Object Repository/Page_DMS ONE/input_username'

2018-08-02 14:55:52 - [TEST_STEP][PASSED] - setEncryptedText: Text ****** has been set on object 'Object Repository/Page_DMS ONE/input_password'

2018-08-02 14:55:52 - [MESSAGE][PASSED] - Text ****** has been set on object 'Object Repository/Page_DMS ONE/input_password'

2018-08-02 14:55:52 - [TEST_STEP][PASSED] - click: Object: 'Object Repository/Page_DMS ONE/input_submit' is clicked on

2018-08-02 14:55:52 - [MESSAGE][PASSED] - Object: 'Object Repository/Page_DMS ONE/input_submit' is clicked on

2018-08-02 14:55:52 - [TEST_STEP][PASSED] - click: Object: 'Object Repository/Page_DMS ONE/div_Username or password incor' is clicked on

2018-08-02 14:55:52 - [MESSAGE][PASSED] - Object: 'Object Repository/Page_DMS ONE/div_Username or password incor' is clicked on]]></system-out>
         <system-err><![CDATA[]]></system-err>
      </testcase>
      <system-out><![CDATA[2018-08-02 14:55:24 - [TEST_SUITE][PASSED] - TestSuite01: Test Cases/TC_Login]]></system-out>
      <system-err><![CDATA[]]></system-err>
   </testsuite>
</testsuites>
